{"C:\\Users\\kwent\\Desktop\\Microverse\\Module 2\\To-Do-List-App\\src\\modules\\todo.js": {"path":"C:\\Users\\kwent\\Desktop\\Microverse\\Module 2\\To-Do-List-App\\src\\modules\\todo.js","statementMap":{"0":{"start":{"line":3,"column":4},"end":{"line":3,"column":23}},"1":{"start":{"line":4,"column":4},"end":{"line":4,"column":35}},"2":{"start":{"line":5,"column":4},"end":{"line":5,"column":31}}},"fnMap":{"0":{"name":"(anonymous_0)","decl":{"start":{"line":2,"column":2},"end":{"line":2,"column":3}},"loc":{"start":{"line":2,"column":45},"end":{"line":6,"column":3}},"line":2}},"branchMap":{},"s":{"0":3,"1":3,"2":3},"f":{"0":3},"b":{},"_coverageSchema":"1a1c01bbd47fc00a2c39e90264f33305004495a9","hash":"c41ef4e6856a5c9fcb4c3f378e506d16710d5a93"}
,"C:\\Users\\kwent\\Desktop\\Microverse\\Module 2\\To-Do-List-App\\src\\modules\\todolist.js": {"path":"C:\\Users\\kwent\\Desktop\\Microverse\\Module 2\\To-Do-List-App\\src\\modules\\todolist.js","statementMap":{"0":{"start":{"line":5,"column":4},"end":{"line":5,"column":20}},"1":{"start":{"line":9,"column":18},"end":{"line":9,"column":35}},"2":{"start":{"line":10,"column":17},"end":{"line":10,"column":52}},"3":{"start":{"line":11,"column":4},"end":{"line":11,"column":26}},"4":{"start":{"line":12,"column":4},"end":{"line":12,"column":22}},"5":{"start":{"line":13,"column":4},"end":{"line":13,"column":23}},"6":{"start":{"line":17,"column":4},"end":{"line":20,"column":7}},"7":{"start":{"line":18,"column":19},"end":{"line":18,"column":73}},"8":{"start":{"line":19,"column":6},"end":{"line":19,"column":28}},"9":{"start":{"line":24,"column":4},"end":{"line":24,"column":22}},"10":{"start":{"line":28,"column":4},"end":{"line":28,"column":48}},"11":{"start":{"line":29,"column":4},"end":{"line":29,"column":40}},"12":{"start":{"line":30,"column":4},"end":{"line":30,"column":22}},"13":{"start":{"line":31,"column":4},"end":{"line":31,"column":23}},"14":{"start":{"line":35,"column":4},"end":{"line":35,"column":65}},"15":{"start":{"line":35,"column":45},"end":{"line":35,"column":63}},"16":{"start":{"line":36,"column":4},"end":{"line":36,"column":27}},"17":{"start":{"line":37,"column":4},"end":{"line":37,"column":22}},"18":{"start":{"line":38,"column":4},"end":{"line":38,"column":23}},"19":{"start":{"line":42,"column":4},"end":{"line":42,"column":57}},"20":{"start":{"line":43,"column":4},"end":{"line":43,"column":22}},"21":{"start":{"line":44,"column":4},"end":{"line":44,"column":23}},"22":{"start":{"line":48,"column":4},"end":{"line":50,"column":7}},"23":{"start":{"line":49,"column":6},"end":{"line":49,"column":25}},"24":{"start":{"line":51,"column":4},"end":{"line":51,"column":22}},"25":{"start":{"line":52,"column":4},"end":{"line":52,"column":23}},"26":{"start":{"line":56,"column":4},"end":{"line":56,"column":71}},"27":{"start":{"line":56,"column":45},"end":{"line":56,"column":69}},"28":{"start":{"line":57,"column":4},"end":{"line":57,"column":27}},"29":{"start":{"line":58,"column":4},"end":{"line":58,"column":22}},"30":{"start":{"line":59,"column":4},"end":{"line":59,"column":23}},"31":{"start":{"line":63,"column":18},"end":{"line":63,"column":59}},"32":{"start":{"line":64,"column":4},"end":{"line":66,"column":5}},"33":{"start":{"line":65,"column":6},"end":{"line":65,"column":38}},"34":{"start":{"line":70,"column":4},"end":{"line":70,"column":62}},"35":{"start":{"line":74,"column":4},"end":{"line":85,"column":16}},"36":{"start":{"line":76,"column":18},"end":{"line":83,"column":5}}},"fnMap":{"0":{"name":"(anonymous_0)","decl":{"start":{"line":4,"column":2},"end":{"line":4,"column":3}},"loc":{"start":{"line":4,"column":16},"end":{"line":6,"column":3}},"line":4},"1":{"name":"(anonymous_1)","decl":{"start":{"line":8,"column":2},"end":{"line":8,"column":3}},"loc":{"start":{"line":8,"column":23},"end":{"line":14,"column":3}},"line":8},"2":{"name":"(anonymous_2)","decl":{"start":{"line":17,"column":18},"end":{"line":17,"column":19}},"loc":{"start":{"line":17,"column":28},"end":{"line":20,"column":5}},"line":17},"3":{"name":"(anonymous_3)","decl":{"start":{"line":23,"column":2},"end":{"line":23,"column":3}},"loc":{"start":{"line":23,"column":13},"end":{"line":25,"column":3}},"line":23},"4":{"name":"(anonymous_4)","decl":{"start":{"line":27,"column":2},"end":{"line":27,"column":3}},"loc":{"start":{"line":27,"column":40},"end":{"line":32,"column":3}},"line":27},"5":{"name":"(anonymous_5)","decl":{"start":{"line":34,"column":2},"end":{"line":34,"column":3}},"loc":{"start":{"line":34,"column":17},"end":{"line":39,"column":3}},"line":34},"6":{"name":"(anonymous_6)","decl":{"start":{"line":35,"column":35},"end":{"line":35,"column":36}},"loc":{"start":{"line":35,"column":45},"end":{"line":35,"column":63}},"line":35},"7":{"name":"(anonymous_7)","decl":{"start":{"line":41,"column":2},"end":{"line":41,"column":3}},"loc":{"start":{"line":41,"column":26},"end":{"line":45,"column":3}},"line":41},"8":{"name":"(anonymous_8)","decl":{"start":{"line":48,"column":23},"end":{"line":48,"column":24}},"loc":{"start":{"line":48,"column":40},"end":{"line":50,"column":5}},"line":48},"9":{"name":"(anonymous_9)","decl":{"start":{"line":55,"column":2},"end":{"line":55,"column":3}},"loc":{"start":{"line":55,"column":23},"end":{"line":60,"column":3}},"line":55},"10":{"name":"(anonymous_10)","decl":{"start":{"line":56,"column":35},"end":{"line":56,"column":36}},"loc":{"start":{"line":56,"column":45},"end":{"line":56,"column":69}},"line":56},"11":{"name":"(anonymous_11)","decl":{"start":{"line":62,"column":2},"end":{"line":62,"column":3}},"loc":{"start":{"line":62,"column":14},"end":{"line":67,"column":3}},"line":62},"12":{"name":"(anonymous_12)","decl":{"start":{"line":73,"column":2},"end":{"line":73,"column":3}},"loc":{"start":{"line":73,"column":16},"end":{"line":86,"column":3}},"line":73},"13":{"name":"(anonymous_13)","decl":{"start":{"line":76,"column":8},"end":{"line":76,"column":9}},"loc":{"start":{"line":76,"column":18},"end":{"line":83,"column":5}},"line":76}},"branchMap":{"0":{"loc":{"start":{"line":64,"column":4},"end":{"line":66,"column":5}},"type":"if","locations":[{"start":{"line":64,"column":4},"end":{"line":66,"column":5}},{"start":{},"end":{}}],"line":64},"1":{"loc":{"start":{"line":78,"column":59},"end":{"line":78,"column":120}},"type":"cond-expr","locations":[{"start":{"line":78,"column":76},"end":{"line":78,"column":95}},{"start":{"line":78,"column":98},"end":{"line":78,"column":120}}],"line":78},"2":{"loc":{"start":{"line":79,"column":59},"end":{"line":79,"column":91}},"type":"cond-expr","locations":[{"start":{"line":79,"column":76},"end":{"line":79,"column":86}},{"start":{"line":79,"column":89},"end":{"line":79,"column":91}}],"line":79}},"s":{"0":2,"1":3,"2":3,"3":3,"4":3,"5":3,"6":0,"7":0,"8":0,"9":0,"10":0,"11":0,"12":0,"13":0,"14":1,"15":2,"16":1,"17":1,"18":1,"19":0,"20":0,"21":0,"22":1,"23":1,"24":1,"25":1,"26":0,"27":0,"28":0,"29":0,"30":0,"31":0,"32":0,"33":0,"34":5,"35":7,"36":8},"f":{"0":2,"1":3,"2":0,"3":0,"4":0,"5":1,"6":2,"7":0,"8":1,"9":0,"10":0,"11":0,"12":7,"13":8},"b":{"0":[0,0],"1":[0,8],"2":[0,8]},"_coverageSchema":"1a1c01bbd47fc00a2c39e90264f33305004495a9","hash":"8bffa1e308a2b7476a4e3f0646a0287e1909865d"}
}
