TN:
SF:src/modules/todo.js
FN:2,(anonymous_0)
FNF:1
FNH:1
FNDA:9,(anonymous_0)
DA:3,9
DA:4,9
DA:5,9
LF:3
LH:3
BRF:0
BRH:0
end_of_record
TN:
SF:src/modules/todolist.js
FN:4,(anonymous_0)
FN:8,(anonymous_1)
FN:17,(anonymous_2)
FN:23,(anonymous_3)
FN:27,(anonymous_4)
FN:34,(anonymous_5)
FN:35,(anonymous_6)
FN:41,(anonymous_7)
FN:48,(anonymous_8)
FN:55,(anonymous_9)
FN:56,(anonymous_10)
FN:62,(anonymous_11)
FN:73,(anonymous_12)
FN:76,(anonymous_13)
FNF:14
FNH:9
FNDA:4,(anonymous_0)
FNDA:9,(anonymous_1)
FNDA:0,(anonymous_2)
FNDA:0,(anonymous_3)
FNDA:1,(anonymous_4)
FNDA:1,(anonymous_5)
FNDA:2,(anonymous_6)
FNDA:1,(anonymous_7)
FNDA:1,(anonymous_8)
FNDA:0,(anonymous_9)
FNDA:0,(anonymous_10)
FNDA:0,(anonymous_11)
FNDA:17,(anonymous_12)
FNDA:32,(anonymous_13)
DA:5,4
DA:9,9
DA:10,9
DA:11,9
DA:12,9
DA:13,9
DA:17,0
DA:18,0
DA:19,0
DA:24,0
DA:28,1
DA:29,1
DA:30,1
DA:31,1
DA:35,2
DA:36,1
DA:37,1
DA:38,1
DA:42,1
DA:43,1
DA:44,1
DA:48,1
DA:49,1
DA:51,1
DA:52,1
DA:56,0
DA:57,0
DA:58,0
DA:59,0
DA:63,0
DA:64,0
DA:65,0
DA:70,13
DA:74,17
DA:76,32
LF:35
LH:24
BRDA:64,0,0,0
BRDA:64,0,1,0
BRDA:78,1,0,2
BRDA:78,1,1,30
BRDA:79,2,0,2
BRDA:79,2,1,30
BRF:6
BRH:4
end_of_record
